
> docuca-react-multipage@1.0.0 start
> react-scripts start

(node:16420) [DEP_WEBPACK_DEV_SERVER_ON_AFTER_SETUP_MIDDLEWARE] DeprecationWarning: 'onAfterSetupMiddleware' option is deprecated. Please use the 'setupMiddlewares' option.
(Use `node --trace-deprecation ...` to show where the warning was created)
(node:16420) [DEP_WEBPACK_DEV_SERVER_ON_BEFORE_SETUP_MIDDLEWARE] DeprecationWarning: 'onBeforeSetupMiddleware' option is deprecated. Please use the 'setupMiddlewares' option.
Starting the development server...

Compiled with warnings.

[eslint]
src/layouts/CALayout.jsx
  Line 13:3:  'ChevronRight' is defined but never used  no-unused-vars

src/layouts/ClientLayout.jsx
  Line 15:3:  'ShieldCheck' is defined but never used  no-unused-vars
  Line 16:3:  'ChevronDown' is defined but never used  no-unused-vars

src/pages/CA/Clients.jsx
  Line 14:3:    'MoreHorizontal' is defined but never used             no-unused-vars
  Line 15:3:    'Briefcase' is defined but never used                  no-unused-vars
  Line 16:3:    'User' is defined but never used                       no-unused-vars
  Line 17:3:    'Building' is defined but never used                   no-unused-vars
  Line 61:10:   'error' is assigned a value but never used             no-unused-vars
  Line 229:23:  'indexOfLastItem' is assigned a value but never used   no-unused-vars
  Line 229:40:  'indexOfFirstItem' is assigned a value but never used  no-unused-vars
  Line 229:74:  'totalItems' is assigned a value but never used        no-unused-vars

src/pages/CA/Dashboard.jsx
  Line 2:10:  'motion' is defined but never used          no-unused-vars
  Line 6:10:  'BentoGrid' is defined but never used       no-unused-vars
  Line 17:3:  'ArrowUpRight' is defined but never used    no-unused-vars
  Line 18:3:  'ArrowDownRight' is defined but never used  no-unused-vars
  Line 19:3:  'MoreHorizontal' is defined but never used  no-unused-vars

src/pages/CA/Documents.jsx
  Line 4:18:  'AnimatePresence' is defined but never used  no-unused-vars
  Line 15:3:  'Filter' is defined but never used           no-unused-vars

src/pages/CA/Invoices.jsx
  Line 21:3:    'MoreVertical' is defined but never used                 no-unused-vars
  Line 24:3:    'Filter' is defined but never used                       no-unused-vars
  Line 152:11:  'handleStatusUpdate' is assigned a value but never used  no-unused-vars

src/pages/CA/ProfilePage.jsx
  Line 10:3:  'Save' is defined but never used  no-unused-vars
  Line 11:3:  'X' is defined but never used     no-unused-vars

src/pages/CA/Returns.jsx
  Line 9:3:   'Filter' is defined but never used       no-unused-vars
  Line 17:3:  'User' is defined but never used         no-unused-vars
  Line 18:3:  'Calendar' is defined but never used     no-unused-vars
  Line 20:3:  'AlertCircle' is defined but never used  no-unused-vars

src/pages/CA/reports/ClientReport.jsx
  Line 8:3:   'FileText' is defined but never used  no-unused-vars
  Line 14:3:  'User' is defined but never used      no-unused-vars

src/pages/CA/reports/DocumentReport.jsx
  Line 7:3:   'FileText' is defined but never used  no-unused-vars
  Line 13:3:  'Filter' is defined but never used    no-unused-vars
  Line 16:3:  'Calendar' is defined but never used  no-unused-vars

src/pages/CA/reports/PaymentReport.jsx
  Line 8:3:  'FileText' is defined but never used  no-unused-vars

src/pages/CA/reports/RequestReport.jsx
  Line 16:3:  'XCircle' is defined but never used        no-unused-vars
  Line 17:3:  'AlertTriangle' is defined but never used  no-unused-vars

src/pages/CA/requests/ClientRequest.jsx
  Line 10:3:    'AlertCircle' is defined but never used                        no-unused-vars
  Line 14:3:    'Filter' is defined but never used                             no-unused-vars
  Line 131:11:  'paginate' is assigned a value but never used                  no-unused-vars
  Line 212:11:  'getRequestTypeBadgeClass' is assigned a value but never used  no-unused-vars

Search for the keywords to learn more about each warning.
To ignore, add // eslint-disable-next-line to the line before.

WARNING in [eslint]
src/layouts/CALayout.jsx
  Line 13:3:  'ChevronRight' is defined but never used  no-unused-vars

src/layouts/ClientLayout.jsx
  Line 15:3:  'ShieldCheck' is defined but never used  no-unused-vars
  Line 16:3:  'ChevronDown' is defined but never used  no-unused-vars

src/pages/CA/Clients.jsx
  Line 14:3:    'MoreHorizontal' is defined but never used             no-unused-vars
  Line 15:3:    'Briefcase' is defined but never used                  no-unused-vars
  Line 16:3:    'User' is defined but never used                       no-unused-vars
  Line 17:3:    'Building' is defined but never used                   no-unused-vars
  Line 61:10:   'error' is assigned a value but never used             no-unused-vars
  Line 229:23:  'indexOfLastItem' is assigned a value but never used   no-unused-vars
  Line 229:40:  'indexOfFirstItem' is assigned a value but never used  no-unused-vars
  Line 229:74:  'totalItems' is assigned a value but never used        no-unused-vars

src/pages/CA/Dashboard.jsx
  Line 2:10:  'motion' is defined but never used          no-unused-vars
  Line 6:10:  'BentoGrid' is defined but never used       no-unused-vars
  Line 17:3:  'ArrowUpRight' is defined but never used    no-unused-vars
  Line 18:3:  'ArrowDownRight' is defined but never used  no-unused-vars
  Line 19:3:  'MoreHorizontal' is defined but never used  no-unused-vars

src/pages/CA/Documents.jsx
  Line 4:18:  'AnimatePresence' is defined but never used  no-unused-vars
  Line 15:3:  'Filter' is defined but never used           no-unused-vars

src/pages/CA/Invoices.jsx
  Line 21:3:    'MoreVertical' is defined but never used                 no-unused-vars
  Line 24:3:    'Filter' is defined but never used                       no-unused-vars
  Line 152:11:  'handleStatusUpdate' is assigned a value but never used  no-unused-vars

src/pages/CA/ProfilePage.jsx
  Line 10:3:  'Save' is defined but never used  no-unused-vars
  Line 11:3:  'X' is defined but never used     no-unused-vars

src/pages/CA/Returns.jsx
  Line 9:3:   'Filter' is defined but never used       no-unused-vars
  Line 17:3:  'User' is defined but never used         no-unused-vars
  Line 18:3:  'Calendar' is defined but never used     no-unused-vars
  Line 20:3:  'AlertCircle' is defined but never used  no-unused-vars

src/pages/CA/reports/ClientReport.jsx
  Line 8:3:   'FileText' is defined but never used  no-unused-vars
  Line 14:3:  'User' is defined but never used      no-unused-vars

src/pages/CA/reports/DocumentReport.jsx
  Line 7:3:   'FileText' is defined but never used  no-unused-vars
  Line 13:3:  'Filter' is defined but never used    no-unused-vars
  Line 16:3:  'Calendar' is defined but never used  no-unused-vars

src/pages/CA/reports/PaymentReport.jsx
  Line 8:3:  'FileText' is defined but never used  no-unused-vars

src/pages/CA/reports/RequestReport.jsx
  Line 16:3:  'XCircle' is defined but never used        no-unused-vars
  Line 17:3:  'AlertTriangle' is defined but never used  no-unused-vars

src/pages/CA/requests/ClientRequest.jsx
  Line 10:3:    'AlertCircle' is defined but never used                        no-unused-vars
  Line 14:3:    'Filter' is defined but never used                             no-unused-vars
  Line 131:11:  'paginate' is assigned a value but never used                  no-unused-vars
  Line 212:11:  'getRequestTypeBadgeClass' is assigned a value but never used  no-unused-vars

webpack compiled with 1 warning
Compiling...
Compiled with warnings.

[eslint]
src/layouts/CALayout.jsx
  Line 13:3:  'ChevronRight' is defined but never used  no-unused-vars

src/layouts/ClientLayout.jsx
  Line 15:3:  'ShieldCheck' is defined but never used  no-unused-vars
  Line 16:3:  'ChevronDown' is defined but never used  no-unused-vars

src/pages/CA/Clients.jsx
  Line 14:3:    'MoreHorizontal' is defined but never used             no-unused-vars
  Line 15:3:    'Briefcase' is defined but never used                  no-unused-vars
  Line 16:3:    'User' is defined but never used                       no-unused-vars
  Line 17:3:    'Building' is defined but never used                   no-unused-vars
  Line 61:10:   'error' is assigned a value but never used             no-unused-vars
  Line 229:23:  'indexOfLastItem' is assigned a value but never used   no-unused-vars
  Line 229:40:  'indexOfFirstItem' is assigned a value but never used  no-unused-vars
  Line 229:74:  'totalItems' is assigned a value but never used        no-unused-vars

src/pages/CA/Dashboard.jsx
  Line 2:10:  'motion' is defined but never used          no-unused-vars
  Line 6:10:  'BentoGrid' is defined but never used       no-unused-vars
  Line 17:3:  'ArrowUpRight' is defined but never used    no-unused-vars
  Line 18:3:  'ArrowDownRight' is defined but never used  no-unused-vars
  Line 19:3:  'MoreHorizontal' is defined but never used  no-unused-vars

src/pages/CA/Documents.jsx
  Line 4:18:  'AnimatePresence' is defined but never used  no-unused-vars
  Line 15:3:  'Filter' is defined but never used           no-unused-vars

src/pages/CA/Invoices.jsx
  Line 21:3:    'MoreVertical' is defined but never used                 no-unused-vars
  Line 24:3:    'Filter' is defined but never used                       no-unused-vars
  Line 152:11:  'handleStatusUpdate' is assigned a value but never used  no-unused-vars

src/pages/CA/ProfilePage.jsx
  Line 10:3:  'Save' is defined but never used  no-unused-vars
  Line 11:3:  'X' is defined but never used     no-unused-vars

src/pages/CA/Returns.jsx
  Line 9:3:   'Filter' is defined but never used       no-unused-vars
  Line 17:3:  'User' is defined but never used         no-unused-vars
  Line 18:3:  'Calendar' is defined but never used     no-unused-vars
  Line 20:3:  'AlertCircle' is defined but never used  no-unused-vars

src/pages/CA/reports/ClientReport.jsx
  Line 8:3:   'FileText' is defined but never used  no-unused-vars
  Line 14:3:  'User' is defined but never used      no-unused-vars

src/pages/CA/reports/DocumentReport.jsx
  Line 7:3:   'FileText' is defined but never used  no-unused-vars
  Line 13:3:  'Filter' is defined but never used    no-unused-vars
  Line 16:3:  'Calendar' is defined but never used  no-unused-vars

src/pages/CA/reports/PaymentReport.jsx
  Line 8:3:  'FileText' is defined but never used  no-unused-vars

src/pages/CA/reports/RequestReport.jsx
  Line 16:3:  'XCircle' is defined but never used        no-unused-vars
  Line 17:3:  'AlertTriangle' is defined but never used  no-unused-vars

src/pages/CA/requests/ClientRequest.jsx
  Line 10:3:    'AlertCircle' is defined but never used                        no-unused-vars
  Line 14:3:    'Filter' is defined but never used                             no-unused-vars
  Line 131:11:  'paginate' is assigned a value but never used                  no-unused-vars
  Line 212:11:  'getRequestTypeBadgeClass' is assigned a value but never used  no-unused-vars

Search for the keywords to learn more about each warning.
To ignore, add // eslint-disable-next-line to the line before.

WARNING in [eslint]
src/layouts/CALayout.jsx
  Line 13:3:  'ChevronRight' is defined but never used  no-unused-vars

src/layouts/ClientLayout.jsx
  Line 15:3:  'ShieldCheck' is defined but never used  no-unused-vars
  Line 16:3:  'ChevronDown' is defined but never used  no-unused-vars

src/pages/CA/Clients.jsx
  Line 14:3:    'MoreHorizontal' is defined but never used             no-unused-vars
  Line 15:3:    'Briefcase' is defined but never used                  no-unused-vars
  Line 16:3:    'User' is defined but never used                       no-unused-vars
  Line 17:3:    'Building' is defined but never used                   no-unused-vars
  Line 61:10:   'error' is assigned a value but never used             no-unused-vars
  Line 229:23:  'indexOfLastItem' is assigned a value but never used   no-unused-vars
  Line 229:40:  'indexOfFirstItem' is assigned a value but never used  no-unused-vars
  Line 229:74:  'totalItems' is assigned a value but never used        no-unused-vars

src/pages/CA/Dashboard.jsx
  Line 2:10:  'motion' is defined but never used          no-unused-vars
  Line 6:10:  'BentoGrid' is defined but never used       no-unused-vars
  Line 17:3:  'ArrowUpRight' is defined but never used    no-unused-vars
  Line 18:3:  'ArrowDownRight' is defined but never used  no-unused-vars
  Line 19:3:  'MoreHorizontal' is defined but never used  no-unused-vars

src/pages/CA/Documents.jsx
  Line 4:18:  'AnimatePresence' is defined but never used  no-unused-vars
  Line 15:3:  'Filter' is defined but never used           no-unused-vars

src/pages/CA/Invoices.jsx
  Line 21:3:    'MoreVertical' is defined but never used                 no-unused-vars
  Line 24:3:    'Filter' is defined but never used                       no-unused-vars
  Line 152:11:  'handleStatusUpdate' is assigned a value but never used  no-unused-vars

src/pages/CA/ProfilePage.jsx
  Line 10:3:  'Save' is defined but never used  no-unused-vars
  Line 11:3:  'X' is defined but never used     no-unused-vars

src/pages/CA/Returns.jsx
  Line 9:3:   'Filter' is defined but never used       no-unused-vars
  Line 17:3:  'User' is defined but never used         no-unused-vars
  Line 18:3:  'Calendar' is defined but never used     no-unused-vars
  Line 20:3:  'AlertCircle' is defined but never used  no-unused-vars

src/pages/CA/reports/ClientReport.jsx
  Line 8:3:   'FileText' is defined but never used  no-unused-vars
  Line 14:3:  'User' is defined but never used      no-unused-vars

src/pages/CA/reports/DocumentReport.jsx
  Line 7:3:   'FileText' is defined but never used  no-unused-vars
  Line 13:3:  'Filter' is defined but never used    no-unused-vars
  Line 16:3:  'Calendar' is defined but never used  no-unused-vars

src/pages/CA/reports/PaymentReport.jsx
  Line 8:3:  'FileText' is defined but never used  no-unused-vars

src/pages/CA/reports/RequestReport.jsx
  Line 16:3:  'XCircle' is defined but never used        no-unused-vars
  Line 17:3:  'AlertTriangle' is defined but never used  no-unused-vars

src/pages/CA/requests/ClientRequest.jsx
  Line 10:3:    'AlertCircle' is defined but never used                        no-unused-vars
  Line 14:3:    'Filter' is defined but never used                             no-unused-vars
  Line 131:11:  'paginate' is assigned a value but never used                  no-unused-vars
  Line 212:11:  'getRequestTypeBadgeClass' is assigned a value but never used  no-unused-vars

webpack compiled with 1 warning
Compiling...
Compiled with warnings.

[eslint]
src/layouts/CALayout.jsx
  Line 13:3:  'ChevronRight' is defined but never used  no-unused-vars

src/layouts/ClientLayout.jsx
  Line 15:3:  'ShieldCheck' is defined but never used  no-unused-vars
  Line 16:3:  'ChevronDown' is defined but never used  no-unused-vars

src/pages/CA/Clients.jsx
  Line 14:3:    'MoreHorizontal' is defined but never used             no-unused-vars
  Line 15:3:    'Briefcase' is defined but never used                  no-unused-vars
  Line 16:3:    'User' is defined but never used                       no-unused-vars
  Line 17:3:    'Building' is defined but never used                   no-unused-vars
  Line 61:10:   'error' is assigned a value but never used             no-unused-vars
  Line 229:23:  'indexOfLastItem' is assigned a value but never used   no-unused-vars
  Line 229:40:  'indexOfFirstItem' is assigned a value but never used  no-unused-vars
  Line 229:74:  'totalItems' is assigned a value but never used        no-unused-vars

src/pages/CA/Dashboard.jsx
  Line 2:10:  'motion' is defined but never used          no-unused-vars
  Line 6:10:  'BentoGrid' is defined but never used       no-unused-vars
  Line 17:3:  'ArrowUpRight' is defined but never used    no-unused-vars
  Line 18:3:  'ArrowDownRight' is defined but never used  no-unused-vars
  Line 19:3:  'MoreHorizontal' is defined but never used  no-unused-vars

src/pages/CA/Documents.jsx
  Line 4:18:  'AnimatePresence' is defined but never used  no-unused-vars
  Line 15:3:  'Filter' is defined but never used           no-unused-vars

src/pages/CA/Invoices.jsx
  Line 21:3:    'MoreVertical' is defined but never used                 no-unused-vars
  Line 24:3:    'Filter' is defined but never used                       no-unused-vars
  Line 152:11:  'handleStatusUpdate' is assigned a value but never used  no-unused-vars

src/pages/CA/ProfilePage.jsx
  Line 10:3:  'Save' is defined but never used  no-unused-vars
  Line 11:3:  'X' is defined but never used     no-unused-vars

src/pages/CA/Returns.jsx
  Line 9:3:   'Filter' is defined but never used       no-unused-vars
  Line 17:3:  'User' is defined but never used         no-unused-vars
  Line 18:3:  'Calendar' is defined but never used     no-unused-vars
  Line 20:3:  'AlertCircle' is defined but never used  no-unused-vars

src/pages/CA/reports/ClientReport.jsx
  Line 8:3:   'FileText' is defined but never used  no-unused-vars
  Line 14:3:  'User' is defined but never used      no-unused-vars

src/pages/CA/reports/DocumentReport.jsx
  Line 7:3:   'FileText' is defined but never used  no-unused-vars
  Line 13:3:  'Filter' is defined but never used    no-unused-vars
  Line 16:3:  'Calendar' is defined but never used  no-unused-vars

src/pages/CA/reports/PaymentReport.jsx
  Line 8:3:  'FileText' is defined but never used  no-unused-vars

src/pages/CA/reports/RequestReport.jsx
  Line 16:3:  'XCircle' is defined but never used        no-unused-vars
  Line 17:3:  'AlertTriangle' is defined but never used  no-unused-vars

src/pages/CA/requests/ClientRequest.jsx
  Line 10:3:    'AlertCircle' is defined but never used                        no-unused-vars
  Line 14:3:    'Filter' is defined but never used                             no-unused-vars
  Line 131:11:  'paginate' is assigned a value but never used                  no-unused-vars
  Line 212:11:  'getRequestTypeBadgeClass' is assigned a value but never used  no-unused-vars

src/pages/Client/ClientDocuments.jsx
  Line 177:9:  'paginate' is assigned a value but never used  no-unused-vars

Search for the keywords to learn more about each warning.
To ignore, add // eslint-disable-next-line to the line before.

WARNING in [eslint]
src/layouts/CALayout.jsx
  Line 13:3:  'ChevronRight' is defined but never used  no-unused-vars

src/layouts/ClientLayout.jsx
  Line 15:3:  'ShieldCheck' is defined but never used  no-unused-vars
  Line 16:3:  'ChevronDown' is defined but never used  no-unused-vars

src/pages/CA/Clients.jsx
  Line 14:3:    'MoreHorizontal' is defined but never used             no-unused-vars
  Line 15:3:    'Briefcase' is defined but never used                  no-unused-vars
  Line 16:3:    'User' is defined but never used                       no-unused-vars
  Line 17:3:    'Building' is defined but never used                   no-unused-vars
  Line 61:10:   'error' is assigned a value but never used             no-unused-vars
  Line 229:23:  'indexOfLastItem' is assigned a value but never used   no-unused-vars
  Line 229:40:  'indexOfFirstItem' is assigned a value but never used  no-unused-vars
  Line 229:74:  'totalItems' is assigned a value but never used        no-unused-vars

src/pages/CA/Dashboard.jsx
  Line 2:10:  'motion' is defined but never used          no-unused-vars
  Line 6:10:  'BentoGrid' is defined but never used       no-unused-vars
  Line 17:3:  'ArrowUpRight' is defined but never used    no-unused-vars
  Line 18:3:  'ArrowDownRight' is defined but never used  no-unused-vars
  Line 19:3:  'MoreHorizontal' is defined but never used  no-unused-vars

src/pages/CA/Documents.jsx
  Line 4:18:  'AnimatePresence' is defined but never used  no-unused-vars
  Line 15:3:  'Filter' is defined but never used           no-unused-vars

src/pages/CA/Invoices.jsx
  Line 21:3:    'MoreVertical' is defined but never used                 no-unused-vars
  Line 24:3:    'Filter' is defined but never used                       no-unused-vars
  Line 152:11:  'handleStatusUpdate' is assigned a value but never used  no-unused-vars

src/pages/CA/ProfilePage.jsx
  Line 10:3:  'Save' is defined but never used  no-unused-vars
  Line 11:3:  'X' is defined but never used     no-unused-vars

src/pages/CA/Returns.jsx
  Line 9:3:   'Filter' is defined but never used       no-unused-vars
  Line 17:3:  'User' is defined but never used         no-unused-vars
  Line 18:3:  'Calendar' is defined but never used     no-unused-vars
  Line 20:3:  'AlertCircle' is defined but never used  no-unused-vars

src/pages/CA/reports/ClientReport.jsx
  Line 8:3:   'FileText' is defined but never used  no-unused-vars
  Line 14:3:  'User' is defined but never used      no-unused-vars

src/pages/CA/reports/DocumentReport.jsx
  Line 7:3:   'FileText' is defined but never used  no-unused-vars
  Line 13:3:  'Filter' is defined but never used    no-unused-vars
  Line 16:3:  'Calendar' is defined but never used  no-unused-vars

src/pages/CA/reports/PaymentReport.jsx
  Line 8:3:  'FileText' is defined but never used  no-unused-vars

src/pages/CA/reports/RequestReport.jsx
  Line 16:3:  'XCircle' is defined but never used        no-unused-vars
  Line 17:3:  'AlertTriangle' is defined but never used  no-unused-vars

src/pages/CA/requests/ClientRequest.jsx
  Line 10:3:    'AlertCircle' is defined but never used                        no-unused-vars
  Line 14:3:    'Filter' is defined but never used                             no-unused-vars
  Line 131:11:  'paginate' is assigned a value but never used                  no-unused-vars
  Line 212:11:  'getRequestTypeBadgeClass' is assigned a value but never used  no-unused-vars

src/pages/Client/ClientDocuments.jsx
  Line 177:9:  'paginate' is assigned a value but never used  no-unused-vars

webpack compiled with 1 warning
Compiling...
Failed to compile.

[eslint]
src/pages/Client/ClientRequests.jsx
  Line 283:150:  'handleDownload' is not defined  no-undef
  Line 305:32:   'requestTypes' is not defined    no-undef

Search for the keywords to learn more about each error.
WARNING in [eslint]
src/layouts/CALayout.jsx
  Line 13:3:  'ChevronRight' is defined but never used  no-unused-vars

src/layouts/ClientLayout.jsx
  Line 15:3:  'ShieldCheck' is defined but never used  no-unused-vars
  Line 16:3:  'ChevronDown' is defined but never used  no-unused-vars

src/pages/CA/Clients.jsx
  Line 14:3:    'MoreHorizontal' is defined but never used             no-unused-vars
  Line 15:3:    'Briefcase' is defined but never used                  no-unused-vars
  Line 16:3:    'User' is defined but never used                       no-unused-vars
  Line 17:3:    'Building' is defined but never used                   no-unused-vars
  Line 61:10:   'error' is assigned a value but never used             no-unused-vars
  Line 229:23:  'indexOfLastItem' is assigned a value but never used   no-unused-vars
  Line 229:40:  'indexOfFirstItem' is assigned a value but never used  no-unused-vars
  Line 229:74:  'totalItems' is assigned a value but never used        no-unused-vars

src/pages/CA/Dashboard.jsx
  Line 2:10:  'motion' is defined but never used          no-unused-vars
  Line 6:10:  'BentoGrid' is defined but never used       no-unused-vars
  Line 17:3:  'ArrowUpRight' is defined but never used    no-unused-vars
  Line 18:3:  'ArrowDownRight' is defined but never used  no-unused-vars
  Line 19:3:  'MoreHorizontal' is defined but never used  no-unused-vars

src/pages/CA/Documents.jsx
  Line 4:18:  'AnimatePresence' is defined but never used  no-unused-vars
  Line 15:3:  'Filter' is defined but never used           no-unused-vars

src/pages/CA/Invoices.jsx
  Line 21:3:    'MoreVertical' is defined but never used                 no-unused-vars
  Line 24:3:    'Filter' is defined but never used                       no-unused-vars
  Line 152:11:  'handleStatusUpdate' is assigned a value but never used  no-unused-vars

src/pages/CA/ProfilePage.jsx
  Line 10:3:  'Save' is defined but never used  no-unused-vars
  Line 11:3:  'X' is defined but never used     no-unused-vars

src/pages/CA/Returns.jsx
  Line 9:3:   'Filter' is defined but never used       no-unused-vars
  Line 17:3:  'User' is defined but never used         no-unused-vars
  Line 18:3:  'Calendar' is defined but never used     no-unused-vars
  Line 20:3:  'AlertCircle' is defined but never used  no-unused-vars

src/pages/CA/reports/ClientReport.jsx
  Line 8:3:   'FileText' is defined but never used  no-unused-vars
  Line 14:3:  'User' is defined but never used      no-unused-vars

src/pages/CA/reports/DocumentReport.jsx
  Line 7:3:   'FileText' is defined but never used  no-unused-vars
  Line 13:3:  'Filter' is defined but never used    no-unused-vars
  Line 16:3:  'Calendar' is defined but never used  no-unused-vars

src/pages/CA/reports/PaymentReport.jsx
  Line 8:3:  'FileText' is defined but never used  no-unused-vars

src/pages/CA/reports/RequestReport.jsx
  Line 16:3:  'XCircle' is defined but never used        no-unused-vars
  Line 17:3:  'AlertTriangle' is defined but never used  no-unused-vars

src/pages/CA/requests/ClientRequest.jsx
  Line 10:3:    'AlertCircle' is defined but never used                        no-unused-vars
  Line 14:3:    'Filter' is defined but never used                             no-unused-vars
  Line 131:11:  'paginate' is assigned a value but never used                  no-unused-vars
  Line 212:11:  'getRequestTypeBadgeClass' is assigned a value but never used  no-unused-vars

src/pages/Client/ClientDocuments.jsx
  Line 177:9:  'paginate' is assigned a value but never used  no-unused-vars

src/pages/Client/ClientRequests.jsx
  Line 6:3:    'MessageSquare' is defined but never used             no-unused-vars
  Line 14:3:   'AlertCircle' is defined but never used               no-unused-vars
  Line 17:3:   'File' is defined but never used                      no-unused-vars
  Line 37:24:  'setItemsPerPage' is assigned a value but never used  no-unused-vars
  Line 126:9:  'totalPages' is assigned a value but never used       no-unused-vars
  Line 131:9:  'paginate' is assigned a value but never used         no-unused-vars

ERROR in [eslint]
src/pages/Client/ClientRequests.jsx
  Line 283:150:  'handleDownload' is not defined  no-undef
  Line 305:32:   'requestTypes' is not defined    no-undef

Search for the keywords to learn more about each error.

webpack compiled with 1 error and 1 warning
Compiling...
Failed to compile.

[eslint]
src/pages/Client/ClientRequests.jsx
  Line 283:150:  'handleDownload' is not defined  no-undef
  Line 305:32:   'requestTypes' is not defined    no-undef

Search for the keywords to learn more about each error.
WARNING in [eslint]
src/layouts/CALayout.jsx
  Line 13:3:  'ChevronRight' is defined but never used  no-unused-vars

src/layouts/ClientLayout.jsx
  Line 15:3:  'ShieldCheck' is defined but never used  no-unused-vars
  Line 16:3:  'ChevronDown' is defined but never used  no-unused-vars

src/pages/CA/Clients.jsx
  Line 14:3:    'MoreHorizontal' is defined but never used             no-unused-vars
  Line 15:3:    'Briefcase' is defined but never used                  no-unused-vars
  Line 16:3:    'User' is defined but never used                       no-unused-vars
  Line 17:3:    'Building' is defined but never used                   no-unused-vars
  Line 61:10:   'error' is assigned a value but never used             no-unused-vars
  Line 229:23:  'indexOfLastItem' is assigned a value but never used   no-unused-vars
  Line 229:40:  'indexOfFirstItem' is assigned a value but never used  no-unused-vars
  Line 229:74:  'totalItems' is assigned a value but never used        no-unused-vars

src/pages/CA/Dashboard.jsx
  Line 2:10:  'motion' is defined but never used          no-unused-vars
  Line 6:10:  'BentoGrid' is defined but never used       no-unused-vars
  Line 17:3:  'ArrowUpRight' is defined but never used    no-unused-vars
  Line 18:3:  'ArrowDownRight' is defined but never used  no-unused-vars
  Line 19:3:  'MoreHorizontal' is defined but never used  no-unused-vars

src/pages/CA/Documents.jsx
  Line 4:18:  'AnimatePresence' is defined but never used  no-unused-vars
  Line 15:3:  'Filter' is defined but never used           no-unused-vars

src/pages/CA/Invoices.jsx
  Line 21:3:    'MoreVertical' is defined but never used                 no-unused-vars
  Line 24:3:    'Filter' is defined but never used                       no-unused-vars
  Line 152:11:  'handleStatusUpdate' is assigned a value but never used  no-unused-vars

src/pages/CA/ProfilePage.jsx
  Line 10:3:  'Save' is defined but never used  no-unused-vars
  Line 11:3:  'X' is defined but never used     no-unused-vars

src/pages/CA/Returns.jsx
  Line 9:3:   'Filter' is defined but never used       no-unused-vars
  Line 17:3:  'User' is defined but never used         no-unused-vars
  Line 18:3:  'Calendar' is defined but never used     no-unused-vars
  Line 20:3:  'AlertCircle' is defined but never used  no-unused-vars

src/pages/CA/reports/ClientReport.jsx
  Line 8:3:   'FileText' is defined but never used  no-unused-vars
  Line 14:3:  'User' is defined but never used      no-unused-vars

src/pages/CA/reports/DocumentReport.jsx
  Line 7:3:   'FileText' is defined but never used  no-unused-vars
  Line 13:3:  'Filter' is defined but never used    no-unused-vars
  Line 16:3:  'Calendar' is defined but never used  no-unused-vars

src/pages/CA/reports/PaymentReport.jsx
  Line 8:3:  'FileText' is defined but never used  no-unused-vars

src/pages/CA/reports/RequestReport.jsx
  Line 16:3:  'XCircle' is defined but never used        no-unused-vars
  Line 17:3:  'AlertTriangle' is defined but never used  no-unused-vars

src/pages/CA/requests/ClientRequest.jsx
  Line 10:3:    'AlertCircle' is defined but never used                        no-unused-vars
  Line 14:3:    'Filter' is defined but never used                             no-unused-vars
  Line 131:11:  'paginate' is assigned a value but never used                  no-unused-vars
  Line 212:11:  'getRequestTypeBadgeClass' is assigned a value but never used  no-unused-vars

src/pages/Client/ClientDocuments.jsx
  Line 177:9:  'paginate' is assigned a value but never used  no-unused-vars

src/pages/Client/ClientRequests.jsx
  Line 6:3:    'MessageSquare' is defined but never used             no-unused-vars
  Line 14:3:   'AlertCircle' is defined but never used               no-unused-vars
  Line 17:3:   'File' is defined but never used                      no-unused-vars
  Line 37:24:  'setItemsPerPage' is assigned a value but never used  no-unused-vars
  Line 126:9:  'totalPages' is assigned a value but never used       no-unused-vars
  Line 131:9:  'paginate' is assigned a value but never used         no-unused-vars

src/pages/Client/ClientReturns.jsx
  Line 110:9:  'paginate' is assigned a value but never used      no-unused-vars
  Line 125:9:  'formatStatus' is assigned a value but never used  no-unused-vars
  Line 135:9:  'resetFilters' is assigned a value but never used  no-unused-vars

ERROR in [eslint]
src/pages/Client/ClientRequests.jsx
  Line 283:150:  'handleDownload' is not defined  no-undef
  Line 305:32:   'requestTypes' is not defined    no-undef

Search for the keywords to learn more about each error.

webpack compiled with 1 error and 1 warning
Compiling...
Failed to compile.

[eslint]
src/pages/Client/ClientRequests.jsx
  Line 283:150:  'handleDownload' is not defined  no-undef
  Line 305:32:   'requestTypes' is not defined    no-undef

Search for the keywords to learn more about each error.
WARNING in [eslint]
src/layouts/CALayout.jsx
  Line 13:3:  'ChevronRight' is defined but never used  no-unused-vars

src/layouts/ClientLayout.jsx
  Line 15:3:  'ShieldCheck' is defined but never used  no-unused-vars
  Line 16:3:  'ChevronDown' is defined but never used  no-unused-vars

src/pages/CA/Clients.jsx
  Line 14:3:    'MoreHorizontal' is defined but never used             no-unused-vars
  Line 15:3:    'Briefcase' is defined but never used                  no-unused-vars
  Line 16:3:    'User' is defined but never used                       no-unused-vars
  Line 17:3:    'Building' is defined but never used                   no-unused-vars
  Line 61:10:   'error' is assigned a value but never used             no-unused-vars
  Line 229:23:  'indexOfLastItem' is assigned a value but never used   no-unused-vars
  Line 229:40:  'indexOfFirstItem' is assigned a value but never used  no-unused-vars
  Line 229:74:  'totalItems' is assigned a value but never used        no-unused-vars

src/pages/CA/Dashboard.jsx
  Line 2:10:  'motion' is defined but never used          no-unused-vars
  Line 6:10:  'BentoGrid' is defined but never used       no-unused-vars
  Line 17:3:  'ArrowUpRight' is defined but never used    no-unused-vars
  Line 18:3:  'ArrowDownRight' is defined but never used  no-unused-vars
  Line 19:3:  'MoreHorizontal' is defined but never used  no-unused-vars

src/pages/CA/Documents.jsx
  Line 4:18:  'AnimatePresence' is defined but never used  no-unused-vars
  Line 15:3:  'Filter' is defined but never used           no-unused-vars

src/pages/CA/Invoices.jsx
  Line 21:3:    'MoreVertical' is defined but never used                 no-unused-vars
  Line 24:3:    'Filter' is defined but never used                       no-unused-vars
  Line 152:11:  'handleStatusUpdate' is assigned a value but never used  no-unused-vars

src/pages/CA/ProfilePage.jsx
  Line 10:3:  'Save' is defined but never used  no-unused-vars
  Line 11:3:  'X' is defined but never used     no-unused-vars

src/pages/CA/Returns.jsx
  Line 9:3:   'Filter' is defined but never used       no-unused-vars
  Line 17:3:  'User' is defined but never used         no-unused-vars
  Line 18:3:  'Calendar' is defined but never used     no-unused-vars
  Line 20:3:  'AlertCircle' is defined but never used  no-unused-vars

src/pages/CA/reports/ClientReport.jsx
  Line 8:3:   'FileText' is defined but never used  no-unused-vars
  Line 14:3:  'User' is defined but never used      no-unused-vars

src/pages/CA/reports/DocumentReport.jsx
  Line 7:3:   'FileText' is defined but never used  no-unused-vars
  Line 13:3:  'Filter' is defined but never used    no-unused-vars
  Line 16:3:  'Calendar' is defined but never used  no-unused-vars

src/pages/CA/reports/PaymentReport.jsx
  Line 8:3:  'FileText' is defined but never used  no-unused-vars

src/pages/CA/reports/RequestReport.jsx
  Line 16:3:  'XCircle' is defined but never used        no-unused-vars
  Line 17:3:  'AlertTriangle' is defined but never used  no-unused-vars

src/pages/CA/requests/ClientRequest.jsx
  Line 10:3:    'AlertCircle' is defined but never used                        no-unused-vars
  Line 14:3:    'Filter' is defined but never used                             no-unused-vars
  Line 131:11:  'paginate' is assigned a value but never used                  no-unused-vars
  Line 212:11:  'getRequestTypeBadgeClass' is assigned a value but never used  no-unused-vars

src/pages/Client/ClientDocuments.jsx
  Line 177:9:  'paginate' is assigned a value but never used  no-unused-vars

src/pages/Client/ClientProfile.jsx
  Line 10:3:  'Save' is defined but never used  no-unused-vars
  Line 11:3:  'X' is defined but never used     no-unused-vars

src/pages/Client/ClientRequests.jsx
  Line 6:3:    'MessageSquare' is defined but never used             no-unused-vars
  Line 14:3:   'AlertCircle' is defined but never used               no-unused-vars
  Line 17:3:   'File' is defined but never used                      no-unused-vars
  Line 37:24:  'setItemsPerPage' is assigned a value but never used  no-unused-vars
  Line 126:9:  'totalPages' is assigned a value but never used       no-unused-vars
  Line 131:9:  'paginate' is assigned a value but never used         no-unused-vars

src/pages/Client/ClientReturns.jsx
  Line 110:9:  'paginate' is assigned a value but never used      no-unused-vars
  Line 125:9:  'formatStatus' is assigned a value but never used  no-unused-vars
  Line 135:9:  'resetFilters' is assigned a value but never used  no-unused-vars

ERROR in [eslint]
src/pages/Client/ClientRequests.jsx
  Line 283:150:  'handleDownload' is not defined  no-undef
  Line 305:32:   'requestTypes' is not defined    no-undef

Search for the keywords to learn more about each error.

webpack compiled with 1 error and 1 warning
Compiling...
Compiled with warnings.

[eslint]
src/layouts/CALayout.jsx
  Line 13:3:  'ChevronRight' is defined but never used  no-unused-vars

src/layouts/ClientLayout.jsx
  Line 15:3:  'ShieldCheck' is defined but never used  no-unused-vars
  Line 16:3:  'ChevronDown' is defined but never used  no-unused-vars

src/pages/CA/Clients.jsx
  Line 14:3:    'MoreHorizontal' is defined but never used             no-unused-vars
  Line 15:3:    'Briefcase' is defined but never used                  no-unused-vars
  Line 16:3:    'User' is defined but never used                       no-unused-vars
  Line 17:3:    'Building' is defined but never used                   no-unused-vars
  Line 61:10:   'error' is assigned a value but never used             no-unused-vars
  Line 229:23:  'indexOfLastItem' is assigned a value but never used   no-unused-vars
  Line 229:40:  'indexOfFirstItem' is assigned a value but never used  no-unused-vars
  Line 229:74:  'totalItems' is assigned a value but never used        no-unused-vars

src/pages/CA/Dashboard.jsx
  Line 2:10:  'motion' is defined but never used          no-unused-vars
  Line 6:10:  'BentoGrid' is defined but never used       no-unused-vars
  Line 17:3:  'ArrowUpRight' is defined but never used    no-unused-vars
  Line 18:3:  'ArrowDownRight' is defined but never used  no-unused-vars
  Line 19:3:  'MoreHorizontal' is defined but never used  no-unused-vars

src/pages/CA/Documents.jsx
  Line 4:18:  'AnimatePresence' is defined but never used  no-unused-vars
  Line 15:3:  'Filter' is defined but never used           no-unused-vars

src/pages/CA/Invoices.jsx
  Line 21:3:    'MoreVertical' is defined but never used                 no-unused-vars
  Line 24:3:    'Filter' is defined but never used                       no-unused-vars
  Line 152:11:  'handleStatusUpdate' is assigned a value but never used  no-unused-vars

src/pages/CA/ProfilePage.jsx
  Line 10:3:  'Save' is defined but never used  no-unused-vars
  Line 11:3:  'X' is defined but never used     no-unused-vars

src/pages/CA/Returns.jsx
  Line 9:3:   'Filter' is defined but never used       no-unused-vars
  Line 17:3:  'User' is defined but never used         no-unused-vars
  Line 18:3:  'Calendar' is defined but never used     no-unused-vars
  Line 20:3:  'AlertCircle' is defined but never used  no-unused-vars

src/pages/CA/reports/ClientReport.jsx
  Line 8:3:   'FileText' is defined but never used  no-unused-vars
  Line 14:3:  'User' is defined but never used      no-unused-vars

src/pages/CA/reports/DocumentReport.jsx
  Line 7:3:   'FileText' is defined but never used  no-unused-vars
  Line 13:3:  'Filter' is defined but never used    no-unused-vars
  Line 16:3:  'Calendar' is defined but never used  no-unused-vars

src/pages/CA/reports/PaymentReport.jsx
  Line 8:3:  'FileText' is defined but never used  no-unused-vars

src/pages/CA/reports/RequestReport.jsx
  Line 16:3:  'XCircle' is defined but never used        no-unused-vars
  Line 17:3:  'AlertTriangle' is defined but never used  no-unused-vars

src/pages/CA/requests/ClientRequest.jsx
  Line 10:3:    'AlertCircle' is defined but never used                        no-unused-vars
  Line 14:3:    'Filter' is defined but never used                             no-unused-vars
  Line 131:11:  'paginate' is assigned a value but never used                  no-unused-vars
  Line 212:11:  'getRequestTypeBadgeClass' is assigned a value but never used  no-unused-vars

src/pages/Client/ClientDocuments.jsx
  Line 177:9:  'paginate' is assigned a value but never used  no-unused-vars

src/pages/Client/ClientProfile.jsx
  Line 10:3:  'Save' is defined but never used  no-unused-vars
  Line 11:3:  'X' is defined but never used     no-unused-vars

src/pages/Client/ClientRequests.jsx
  Line 5:3:    'FileText' is defined but never used                  no-unused-vars
  Line 6:3:    'MessageSquare' is defined but never used             no-unused-vars
  Line 14:3:   'AlertCircle' is defined but never used               no-unused-vars
  Line 37:24:  'setItemsPerPage' is assigned a value but never used  no-unused-vars
  Line 128:9:  'totalPages' is assigned a value but never used       no-unused-vars
  Line 133:9:  'paginate' is assigned a value but never used         no-unused-vars

src/pages/Client/ClientReturns.jsx
  Line 110:9:  'paginate' is assigned a value but never used      no-unused-vars
  Line 125:9:  'formatStatus' is assigned a value but never used  no-unused-vars
  Line 135:9:  'resetFilters' is assigned a value but never used  no-unused-vars

Search for the keywords to learn more about each warning.
To ignore, add // eslint-disable-next-line to the line before.

WARNING in [eslint]
src/layouts/CALayout.jsx
  Line 13:3:  'ChevronRight' is defined but never used  no-unused-vars

src/layouts/ClientLayout.jsx
  Line 15:3:  'ShieldCheck' is defined but never used  no-unused-vars
  Line 16:3:  'ChevronDown' is defined but never used  no-unused-vars

src/pages/CA/Clients.jsx
  Line 14:3:    'MoreHorizontal' is defined but never used             no-unused-vars
  Line 15:3:    'Briefcase' is defined but never used                  no-unused-vars
  Line 16:3:    'User' is defined but never used                       no-unused-vars
  Line 17:3:    'Building' is defined but never used                   no-unused-vars
  Line 61:10:   'error' is assigned a value but never used             no-unused-vars
  Line 229:23:  'indexOfLastItem' is assigned a value but never used   no-unused-vars
  Line 229:40:  'indexOfFirstItem' is assigned a value but never used  no-unused-vars
  Line 229:74:  'totalItems' is assigned a value but never used        no-unused-vars

src/pages/CA/Dashboard.jsx
  Line 2:10:  'motion' is defined but never used          no-unused-vars
  Line 6:10:  'BentoGrid' is defined but never used       no-unused-vars
  Line 17:3:  'ArrowUpRight' is defined but never used    no-unused-vars
  Line 18:3:  'ArrowDownRight' is defined but never used  no-unused-vars
  Line 19:3:  'MoreHorizontal' is defined but never used  no-unused-vars

src/pages/CA/Documents.jsx
  Line 4:18:  'AnimatePresence' is defined but never used  no-unused-vars
  Line 15:3:  'Filter' is defined but never used           no-unused-vars

src/pages/CA/Invoices.jsx
  Line 21:3:    'MoreVertical' is defined but never used                 no-unused-vars
  Line 24:3:    'Filter' is defined but never used                       no-unused-vars
  Line 152:11:  'handleStatusUpdate' is assigned a value but never used  no-unused-vars

src/pages/CA/ProfilePage.jsx
  Line 10:3:  'Save' is defined but never used  no-unused-vars
  Line 11:3:  'X' is defined but never used     no-unused-vars

src/pages/CA/Returns.jsx
  Line 9:3:   'Filter' is defined but never used       no-unused-vars
  Line 17:3:  'User' is defined but never used         no-unused-vars
  Line 18:3:  'Calendar' is defined but never used     no-unused-vars
  Line 20:3:  'AlertCircle' is defined but never used  no-unused-vars

src/pages/CA/reports/ClientReport.jsx
  Line 8:3:   'FileText' is defined but never used  no-unused-vars
  Line 14:3:  'User' is defined but never used      no-unused-vars

src/pages/CA/reports/DocumentReport.jsx
  Line 7:3:   'FileText' is defined but never used  no-unused-vars
  Line 13:3:  'Filter' is defined but never used    no-unused-vars
  Line 16:3:  'Calendar' is defined but never used  no-unused-vars

src/pages/CA/reports/PaymentReport.jsx
  Line 8:3:  'FileText' is defined but never used  no-unused-vars

src/pages/CA/reports/RequestReport.jsx
  Line 16:3:  'XCircle' is defined but never used        no-unused-vars
  Line 17:3:  'AlertTriangle' is defined but never used  no-unused-vars

src/pages/CA/requests/ClientRequest.jsx
  Line 10:3:    'AlertCircle' is defined but never used                        no-unused-vars
  Line 14:3:    'Filter' is defined but never used                             no-unused-vars
  Line 131:11:  'paginate' is assigned a value but never used                  no-unused-vars
  Line 212:11:  'getRequestTypeBadgeClass' is assigned a value but never used  no-unused-vars

src/pages/Client/ClientDocuments.jsx
  Line 177:9:  'paginate' is assigned a value but never used  no-unused-vars

src/pages/Client/ClientProfile.jsx
  Line 10:3:  'Save' is defined but never used  no-unused-vars
  Line 11:3:  'X' is defined but never used     no-unused-vars

src/pages/Client/ClientRequests.jsx
  Line 5:3:    'FileText' is defined but never used                  no-unused-vars
  Line 6:3:    'MessageSquare' is defined but never used             no-unused-vars
  Line 14:3:   'AlertCircle' is defined but never used               no-unused-vars
  Line 37:24:  'setItemsPerPage' is assigned a value but never used  no-unused-vars
  Line 128:9:  'totalPages' is assigned a value but never used       no-unused-vars
  Line 133:9:  'paginate' is assigned a value but never used         no-unused-vars

src/pages/Client/ClientReturns.jsx
  Line 110:9:  'paginate' is assigned a value but never used      no-unused-vars
  Line 125:9:  'formatStatus' is assigned a value but never used  no-unused-vars
  Line 135:9:  'resetFilters' is assigned a value but never used  no-unused-vars

webpack compiled with 1 warning
Compiling...
Compiled with warnings.

[eslint]
src/layouts/CALayout.jsx
  Line 13:3:  'ChevronRight' is defined but never used  no-unused-vars

src/layouts/ClientLayout.jsx
  Line 15:3:  'ShieldCheck' is defined but never used  no-unused-vars
  Line 16:3:  'ChevronDown' is defined but never used  no-unused-vars

src/pages/CA/Clients.jsx
  Line 14:3:    'MoreHorizontal' is defined but never used             no-unused-vars
  Line 15:3:    'Briefcase' is defined but never used                  no-unused-vars
  Line 16:3:    'User' is defined but never used                       no-unused-vars
  Line 17:3:    'Building' is defined but never used                   no-unused-vars
  Line 61:10:   'error' is assigned a value but never used             no-unused-vars
  Line 229:23:  'indexOfLastItem' is assigned a value but never used   no-unused-vars
  Line 229:40:  'indexOfFirstItem' is assigned a value but never used  no-unused-vars
  Line 229:74:  'totalItems' is assigned a value but never used        no-unused-vars

src/pages/CA/Dashboard.jsx
  Line 2:10:  'motion' is defined but never used          no-unused-vars
  Line 6:10:  'BentoGrid' is defined but never used       no-unused-vars
  Line 17:3:  'ArrowUpRight' is defined but never used    no-unused-vars
  Line 18:3:  'ArrowDownRight' is defined but never used  no-unused-vars
  Line 19:3:  'MoreHorizontal' is defined but never used  no-unused-vars

src/pages/CA/Documents.jsx
  Line 4:18:  'AnimatePresence' is defined but never used  no-unused-vars
  Line 15:3:  'Filter' is defined but never used           no-unused-vars

src/pages/CA/Invoices.jsx
  Line 21:3:    'MoreVertical' is defined but never used                 no-unused-vars
  Line 24:3:    'Filter' is defined but never used                       no-unused-vars
  Line 152:11:  'handleStatusUpdate' is assigned a value but never used  no-unused-vars

src/pages/CA/ProfilePage.jsx
  Line 10:3:  'Save' is defined but never used  no-unused-vars
  Line 11:3:  'X' is defined but never used     no-unused-vars

src/pages/CA/Returns.jsx
  Line 9:3:   'Filter' is defined but never used       no-unused-vars
  Line 17:3:  'User' is defined but never used         no-unused-vars
  Line 18:3:  'Calendar' is defined but never used     no-unused-vars
  Line 20:3:  'AlertCircle' is defined but never used  no-unused-vars

src/pages/CA/reports/ClientReport.jsx
  Line 8:3:   'FileText' is defined but never used  no-unused-vars
  Line 14:3:  'User' is defined but never used      no-unused-vars

src/pages/CA/reports/DocumentReport.jsx
  Line 7:3:   'FileText' is defined but never used  no-unused-vars
  Line 13:3:  'Filter' is defined but never used    no-unused-vars
  Line 16:3:  'Calendar' is defined but never used  no-unused-vars

src/pages/CA/reports/PaymentReport.jsx
  Line 8:3:  'FileText' is defined but never used  no-unused-vars

src/pages/CA/reports/RequestReport.jsx
  Line 16:3:  'XCircle' is defined but never used        no-unused-vars
  Line 17:3:  'AlertTriangle' is defined but never used  no-unused-vars

src/pages/CA/requests/ClientRequest.jsx
  Line 10:3:    'AlertCircle' is defined but never used                        no-unused-vars
  Line 14:3:    'Filter' is defined but never used                             no-unused-vars
  Line 131:11:  'paginate' is assigned a value but never used                  no-unused-vars
  Line 212:11:  'getRequestTypeBadgeClass' is assigned a value but never used  no-unused-vars

src/pages/Client/ClientDocuments.jsx
  Line 177:9:  'paginate' is assigned a value but never used  no-unused-vars

src/pages/Client/ClientInvoices.jsx
  Line 17:3:    'CreditCard' is defined but never used         no-unused-vars
  Line 125:11:  'paginate' is assigned a value but never used  no-unused-vars

src/pages/Client/ClientProfile.jsx
  Line 10:3:  'Save' is defined but never used  no-unused-vars
  Line 11:3:  'X' is defined but never used     no-unused-vars

src/pages/Client/ClientRequests.jsx
  Line 5:3:    'FileText' is defined but never used                  no-unused-vars
  Line 6:3:    'MessageSquare' is defined but never used             no-unused-vars
  Line 14:3:   'AlertCircle' is defined but never used               no-unused-vars
  Line 37:24:  'setItemsPerPage' is assigned a value but never used  no-unused-vars
  Line 128:9:  'totalPages' is assigned a value but never used       no-unused-vars
  Line 133:9:  'paginate' is assigned a value but never used         no-unused-vars

src/pages/Client/ClientReturns.jsx
  Line 110:9:  'paginate' is assigned a value but never used      no-unused-vars
  Line 125:9:  'formatStatus' is assigned a value but never used  no-unused-vars
  Line 135:9:  'resetFilters' is assigned a value but never used  no-unused-vars

Search for the keywords to learn more about each warning.
To ignore, add // eslint-disable-next-line to the line before.

WARNING in [eslint]
src/layouts/CALayout.jsx
  Line 13:3:  'ChevronRight' is defined but never used  no-unused-vars

src/layouts/ClientLayout.jsx
  Line 15:3:  'ShieldCheck' is defined but never used  no-unused-vars
  Line 16:3:  'ChevronDown' is defined but never used  no-unused-vars

src/pages/CA/Clients.jsx
  Line 14:3:    'MoreHorizontal' is defined but never used             no-unused-vars
  Line 15:3:    'Briefcase' is defined but never used                  no-unused-vars
  Line 16:3:    'User' is defined but never used                       no-unused-vars
  Line 17:3:    'Building' is defined but never used                   no-unused-vars
  Line 61:10:   'error' is assigned a value but never used             no-unused-vars
  Line 229:23:  'indexOfLastItem' is assigned a value but never used   no-unused-vars
  Line 229:40:  'indexOfFirstItem' is assigned a value but never used  no-unused-vars
  Line 229:74:  'totalItems' is assigned a value but never used        no-unused-vars

src/pages/CA/Dashboard.jsx
  Line 2:10:  'motion' is defined but never used          no-unused-vars
  Line 6:10:  'BentoGrid' is defined but never used       no-unused-vars
  Line 17:3:  'ArrowUpRight' is defined but never used    no-unused-vars
  Line 18:3:  'ArrowDownRight' is defined but never used  no-unused-vars
  Line 19:3:  'MoreHorizontal' is defined but never used  no-unused-vars

src/pages/CA/Documents.jsx
  Line 4:18:  'AnimatePresence' is defined but never used  no-unused-vars
  Line 15:3:  'Filter' is defined but never used           no-unused-vars

src/pages/CA/Invoices.jsx
  Line 21:3:    'MoreVertical' is defined but never used                 no-unused-vars
  Line 24:3:    'Filter' is defined but never used                       no-unused-vars
  Line 152:11:  'handleStatusUpdate' is assigned a value but never used  no-unused-vars

src/pages/CA/ProfilePage.jsx
  Line 10:3:  'Save' is defined but never used  no-unused-vars
  Line 11:3:  'X' is defined but never used     no-unused-vars

src/pages/CA/Returns.jsx
  Line 9:3:   'Filter' is defined but never used       no-unused-vars
  Line 17:3:  'User' is defined but never used         no-unused-vars
  Line 18:3:  'Calendar' is defined but never used     no-unused-vars
  Line 20:3:  'AlertCircle' is defined but never used  no-unused-vars

src/pages/CA/reports/ClientReport.jsx
  Line 8:3:   'FileText' is defined but never used  no-unused-vars
  Line 14:3:  'User' is defined but never used      no-unused-vars

src/pages/CA/reports/DocumentReport.jsx
  Line 7:3:   'FileText' is defined but never used  no-unused-vars
  Line 13:3:  'Filter' is defined but never used    no-unused-vars
  Line 16:3:  'Calendar' is defined but never used  no-unused-vars

src/pages/CA/reports/PaymentReport.jsx
  Line 8:3:  'FileText' is defined but never used  no-unused-vars

src/pages/CA/reports/RequestReport.jsx
  Line 16:3:  'XCircle' is defined but never used        no-unused-vars
  Line 17:3:  'AlertTriangle' is defined but never used  no-unused-vars

src/pages/CA/requests/ClientRequest.jsx
  Line 10:3:    'AlertCircle' is defined but never used                        no-unused-vars
  Line 14:3:    'Filter' is defined but never used                             no-unused-vars
  Line 131:11:  'paginate' is assigned a value but never used                  no-unused-vars
  Line 212:11:  'getRequestTypeBadgeClass' is assigned a value but never used  no-unused-vars

src/pages/Client/ClientDocuments.jsx
  Line 177:9:  'paginate' is assigned a value but never used  no-unused-vars

src/pages/Client/ClientInvoices.jsx
  Line 17:3:    'CreditCard' is defined but never used         no-unused-vars
  Line 125:11:  'paginate' is assigned a value but never used  no-unused-vars

src/pages/Client/ClientProfile.jsx
  Line 10:3:  'Save' is defined but never used  no-unused-vars
  Line 11:3:  'X' is defined but never used     no-unused-vars

src/pages/Client/ClientRequests.jsx
  Line 5:3:    'FileText' is defined but never used                  no-unused-vars
  Line 6:3:    'MessageSquare' is defined but never used             no-unused-vars
  Line 14:3:   'AlertCircle' is defined but never used               no-unused-vars
  Line 37:24:  'setItemsPerPage' is assigned a value but never used  no-unused-vars
  Line 128:9:  'totalPages' is assigned a value but never used       no-unused-vars
  Line 133:9:  'paginate' is assigned a value but never used         no-unused-vars

src/pages/Client/ClientReturns.jsx
  Line 110:9:  'paginate' is assigned a value but never used      no-unused-vars
  Line 125:9:  'formatStatus' is assigned a value but never used  no-unused-vars
  Line 135:9:  'resetFilters' is assigned a value but never used  no-unused-vars

webpack compiled with 1 warning
